<?xml version="1.0" encoding="UTF-8"?>
<testng-results ignored="0" total="1" passed="1" failed="0" skipped="0">
  <reporter-output>
  </reporter-output>
  <suite started-at="2024-11-23T18:10:22 EST" name="Suite" finished-at="2024-11-23T18:10:22 EST" duration-ms="42">
    <groups>
    </groups>
    <test started-at="2024-11-23T18:10:22 EST" name="Test" finished-at="2024-11-23T18:10:22 EST" duration-ms="42">
      <class name="AppiumExamples.Appium_Hardcoded_Examples.AppiumTest">
        <test-method signature="appiumTesting()[pri:0, instance:AppiumExamples.Appium_Hardcoded_Examples.AppiumTest@1ddf84b8]" started-at="2024-11-23T18:10:22 EST" name="appiumTesting" finished-at="2024-11-23T18:10:22 EST" duration-ms="5" status="PASS">
          <reporter-output>
          </reporter-output>
        </test-method> <!-- appiumTesting -->
      </class> <!-- AppiumExamples.Appium_Hardcoded_Examples.AppiumTest -->
    </test> <!-- Test -->
  </suite> <!-- Suite -->
</testng-results>
