<?xml version="1.0" encoding="UTF-8"?>
<testng-results ignored="0" total="1" passed="1" failed="0" skipped="0">
  <reporter-output>
  </reporter-output>
  <suite started-at="2025-01-22T19:07:28 EST" name="Default suite" finished-at="2025-01-22T19:08:24 EST" duration-ms="55719">
    <groups>
    </groups>
    <test started-at="2025-01-22T19:07:28 EST" name="Default test" finished-at="2025-01-22T19:08:24 EST" duration-ms="55719">
      <class name="AppiumExamples.Appium_Hardcoded_Examples.Q_ItemsInCart_verification">
        <test-method is-config="true" signature="startAppiumServer()[pri:0, instance:AppiumExamples.Appium_Hardcoded_Examples.Q_ItemsInCart_verification@22ff4249]" started-at="2025-01-22T19:07:28 EST" name="startAppiumServer" finished-at="2025-01-22T19:07:39 EST" duration-ms="10609" status="PASS">
          <reporter-output>
          </reporter-output>
        </test-method> <!-- startAppiumServer -->
        <test-method signature="itemsInCart()[pri:0, instance:AppiumExamples.Appium_Hardcoded_Examples.Q_ItemsInCart_verification@22ff4249]" started-at="2025-01-22T19:07:39 EST" name="itemsInCart" finished-at="2025-01-22T19:08:13 EST" duration-ms="34704" status="PASS">
          <reporter-output>
          </reporter-output>
        </test-method> <!-- itemsInCart -->
        <test-method is-config="true" signature="quitApp()[pri:0, instance:AppiumExamples.Appium_Hardcoded_Examples.Q_ItemsInCart_verification@22ff4249]" started-at="2025-01-22T19:08:13 EST" name="quitApp" finished-at="2025-01-22T19:08:24 EST" duration-ms="10317" status="PASS">
          <reporter-output>
          </reporter-output>
        </test-method> <!-- quitApp -->
        <test-method is-config="true" signature="stopAppiumServer()[pri:0, instance:AppiumExamples.Appium_Hardcoded_Examples.Q_ItemsInCart_verification@22ff4249]" started-at="2025-01-22T19:08:24 EST" name="stopAppiumServer" finished-at="2025-01-22T19:08:24 EST" duration-ms="9" status="PASS">
          <reporter-output>
          </reporter-output>
        </test-method> <!-- stopAppiumServer -->
      </class> <!-- AppiumExamples.Appium_Hardcoded_Examples.Q_ItemsInCart_verification -->
    </test> <!-- Default test -->
  </suite> <!-- Default suite -->
</testng-results>
