<?xml version="1.0" encoding="UTF-8"?>
<!-- Generated by org.testng.reporters.JUnitReportReporter -->
<testsuite hostname="Ahmad" failures="0" tests="2" name="AppiumExamples.Appium_Hardcoded_Examples.P_AddingItemsToCart" time="39.927" errors="0" timestamp="2025-01-12T01:49:57 EST" skipped="1">
  <testcase classname="AppiumExamples.Appium_Hardcoded_Examples.P_AddingItemsToCart" name="test" time="39.927"/>
  <testcase classname="AppiumExamples.Appium_Hardcoded_Examples.P_AddingItemsToCart" name="withoutTryCatch">
    <skipped/>
  </testcase> <!-- withoutTryCatch -->
</testsuite> <!-- AppiumExamples.Appium_Hardcoded_Examples.P_AddingItemsToCart -->
