<?xml version="1.0" encoding="UTF-8"?>
<!-- Generated by org.testng.reporters.JUnitReportReporter -->
<testsuite hostname="Ahmad" failures="0" tests="1" name="AppiumExamples.Appium_Hardcoded_Examples.Q_ItemsInCart_verification" time="45.021" errors="0" timestamp="2025-01-22T19:08:24 EST" skipped="0">
  <testcase classname="AppiumExamples.Appium_Hardcoded_Examples.Q_ItemsInCart_verification" name="itemsInCart" time="45.021"/>
</testsuite> <!-- AppiumExamples.Appium_Hardcoded_Examples.Q_ItemsInCart_verification -->
